# JRE version: Java(TM) SE Runtime Environment (8.0_45-b14) (build 1.8.0_45-b14)
# Java VM: Java HotSpot(TM) 64-Bit Server VM (25.45-b02 mixed mode windows-amd64 compressed oops)
Heap:
 PSYoungGen      total 386560K, used 169661K [0x000000076b400000, 0x0000000788080000, 0x00000007c0000000)
  eden space 374784K, 42% used [0x000000076b400000,0x0000000774e359b8,0x0000000782200000)
  from space 11776K, 99% used [0x0000000782200000,0x0000000782d79c98,0x0000000782d80000)
  to   space 13824K, 0% used [0x0000000787300000,0x0000000787300000,0x0000000788080000)
 ParOldGen       total 202752K, used 20935K [0x00000006c1c00000, 0x00000006ce200000, 0x000000076b400000)
  object space 202752K, 10% used [0x00000006c1c00000,0x00000006c3071cf0,0x00000006ce200000)
 Metaspace       used 54010K, capacity 76104K, committed 76208K, reserved 1105920K
  class space    used 13509K, capacity 20594K, committed 20656K, reserved 1048576K
GC Heap History (10 events):
Event: 7.529 GC heap before
{Heap before GC invocations=10 (full 2):
 PSYoungGen      total 218624K, used 207872K [0x000000076b400000, 0x0000000781800000, 0x00000007c0000000)
  eden space 207872K, 100% used [0x000000076b400000,0x0000000777f00000,0x0000000777f00000)
  from space 10752K, 0% used [0x0000000777f00000,0x0000000777f00000,0x0000000778980000)
  to   space 10240K, 0% used [0x0000000780e00000,0x0000000780e00000,0x0000000781800000)
 ParOldGen       total 141824K, used 11836K [0x00000006c1c00000, 0x00000006ca680000, 0x000000076b400000)
  object space 141824K, 8% used [0x00000006c1c00000,0x00000006c278f0e8,0x00000006ca680000)
 Metaspace       used 32220K, capacity 42760K, committed 42928K, reserved 1081344K
  class space    used 7966K, capacity 11639K, committed 11696K, reserved 1048576K
Event: 7.532 GC heap after
Heap after GC invocations=10 (full 2):
 PSYoungGen      total 305152K, used 2336K [0x000000076b400000, 0x0000000781080000, 0x00000007c0000000)
  eden space 302592K, 0% used [0x000000076b400000,0x000000076b400000,0x000000077db80000)
  from space 2560K, 91% used [0x0000000780e00000,0x0000000781048010,0x0000000781080000)
  to   space 10752K, 0% used [0x000000077fb80000,0x000000077fb80000,0x0000000780600000)
 ParOldGen       total 141824K, used 11844K [0x00000006c1c00000, 0x00000006ca680000, 0x000000076b400000)
  object space 141824K, 8% used [0x00000006c1c00000,0x00000006c27910e8,0x00000006ca680000)
 Metaspace       used 32220K, capacity 42760K, committed 42928K, reserved 1081344K
  class space    used 7966K, capacity 11639K, committed 11696K, reserved 1048576K
}
Event: 9.851 GC heap before
{Heap before GC invocations=11 (full 2):
 PSYoungGen      total 305152K, used 304928K [0x000000076b400000, 0x0000000781080000, 0x00000007c0000000)
  eden space 302592K, 100% used [0x000000076b400000,0x000000077db80000,0x000000077db80000)
  from space 2560K, 91% used [0x0000000780e00000,0x0000000781048010,0x0000000781080000)
  to   space 10752K, 0% used [0x000000077fb80000,0x000000077fb80000,0x0000000780600000)
 ParOldGen       total 141824K, used 11844K [0x00000006c1c00000, 0x00000006ca680000, 0x000000076b400000)
  object space 141824K, 8% used [0x00000006c1c00000,0x00000006c27910e8,0x00000006ca680000)
 Metaspace       used 39927K, capacity 54432K, committed 54576K, reserved 1089536K
  class space    used 9774K, capacity 14606K, committed 14640K, reserved 1048576K
Event: 9.857 GC heap after
Heap after GC invocations=11 (full 2):
 PSYoungGen      total 346112K, used 8762K [0x000000076b400000, 0x0000000783880000, 0x00000007c0000000)
  eden space 335360K, 0% used [0x000000076b400000,0x000000076b400000,0x000000077fb80000)
  from space 10752K, 81% used [0x000000077fb80000,0x000000078040ea38,0x0000000780600000)
  to   space 11264K, 0% used [0x0000000782d80000,0x0000000782d80000,0x0000000783880000)
 ParOldGen       total 141824K, used 11852K [0x00000006c1c00000, 0x00000006ca680000, 0x000000076b400000)
  object space 141824K, 8% used [0x00000006c1c00000,0x00000006c27930e8,0x00000006ca680000)
 Metaspace       used 39927K, capacity 54432K, committed 54576K, reserved 1089536K
  class space    used 9774K, capacity 14606K, committed 14640K, reserved 1048576K
}
Event: 11.046 GC heap before
{Heap before GC invocations=12 (full 2):
 PSYoungGen      total 346112K, used 181452K [0x000000076b400000, 0x0000000783880000, 0x00000007c0000000)
  eden space 335360K, 51% used [0x000000076b400000,0x0000000775ca45d8,0x000000077fb80000)
  from space 10752K, 81% used [0x000000077fb80000,0x000000078040ea38,0x0000000780600000)
  to   space 11264K, 0% used [0x0000000782d80000,0x0000000782d80000,0x0000000783880000)
 ParOldGen       total 141824K, used 11852K [0x00000006c1c00000, 0x00000006ca680000, 0x000000076b400000)
  object space 141824K, 8% used [0x00000006c1c00000,0x00000006c27930e8,0x00000006ca680000)
 Metaspace       used 42640K, capacity 58990K, committed 59160K, reserved 1093632K
  class space    used 10567K, capacity 15920K, committed 15920K, reserved 1048576K
Event: 11.056 GC heap after
Heap after GC invocations=12 (full 2):
 PSYoungGen      total 386048K, used 9351K [0x000000076b400000, 0x0000000785e80000, 0x00000007c0000000)
  eden space 374784K, 0% used [0x000000076b400000,0x000000076b400000,0x0000000782200000)
  from space 11264K, 83% used [0x0000000782d80000,0x00000007836a1f70,0x0000000783880000)
  to   space 11776K, 0% used [0x0000000782200000,0x0000000782200000,0x0000000782d80000)
 ParOldGen       total 141824K, used 11860K [0x00000006c1c00000, 0x00000006ca680000, 0x000000076b400000)
  object space 141824K, 8% used [0x00000006c1c00000,0x00000006c27950e8,0x00000006ca680000)
 Metaspace       used 42640K, capacity 58990K, committed 59160K, reserved 1093632K
  class space    used 10567K, capacity 15920K, committed 15920K, reserved 1048576K
}
Event: 11.056 GC heap before
{Heap before GC invocations=13 (full 3):
 PSYoungGen      total 386048K, used 9351K [0x000000076b400000, 0x0000000785e80000, 0x00000007c0000000)
  eden space 374784K, 0% used [0x000000076b400000,0x000000076b400000,0x0000000782200000)
  from space 11264K, 83% used [0x0000000782d80000,0x00000007836a1f70,0x0000000783880000)
  to   space 11776K, 0% used [0x0000000782200000,0x0000000782200000,0x0000000782d80000)
 ParOldGen       total 141824K, used 11860K [0x00000006c1c00000, 0x00000006ca680000, 0x000000076b400000)
  object space 141824K, 8% used [0x00000006c1c00000,0x00000006c27950e8,0x00000006ca680000)
 Metaspace       used 42640K, capacity 58990K, committed 59160K, reserved 1093632K
  class space    used 10567K, capacity 15920K, committed 15920K, reserved 1048576K
Event: 11.195 GC heap after
Heap after GC invocations=13 (full 3):
 PSYoungGen      total 386048K, used 0K [0x000000076b400000, 0x0000000785e80000, 0x00000007c0000000)
  eden space 374784K, 0% used [0x000000076b400000,0x000000076b400000,0x0000000782200000)
  from space 11264K, 0% used [0x0000000782d80000,0x0000000782d80000,0x0000000783880000)
  to   space 11776K, 0% used [0x0000000782200000,0x0000000782200000,0x0000000782d80000)
 ParOldGen       total 202752K, used 20637K [0x00000006c1c00000, 0x00000006ce200000, 0x000000076b400000)
  object space 202752K, 10% used [0x00000006c1c00000,0x00000006c3027788,0x00000006ce200000)
 Metaspace       used 42640K, capacity 58990K, committed 59160K, reserved 1093632K
  class space    used 10567K, capacity 15920K, committed 15920K, reserved 1048576K
}
Event: 13.342 GC heap before
{Heap before GC invocations=14 (full 3):
 PSYoungGen      total 386048K, used 374784K [0x000000076b400000, 0x0000000785e80000, 0x00000007c0000000)
  eden space 374784K, 100% used [0x000000076b400000,0x0000000782200000,0x0000000782200000)
  from space 11264K, 0% used [0x0000000782d80000,0x0000000782d80000,0x0000000783880000)
  to   space 11776K, 0% used [0x0000000782200000,0x0000000782200000,0x0000000782d80000)
 ParOldGen       total 202752K, used 20637K [0x00000006c1c00000, 0x00000006ce200000, 0x000000076b400000)
  object space 202752K, 10% used [0x00000006c1c00000,0x00000006c3027788,0x00000006ce200000)
 Metaspace       used 49809K, capacity 70704K, committed 70832K, reserved 1099776K
  class space    used 12754K, capacity 19530K, committed 19632K, reserved 1048576K
Event: 13.353 GC heap after
Heap after GC invocations=14 (full 3):
 PSYoungGen      total 386560K, used 11751K [0x000000076b400000, 0x0000000788080000, 0x00000007c0000000)
  eden space 374784K, 0% used [0x000000076b400000,0x000000076b400000,0x0000000782200000)
  from space 11776K, 99% used [0x0000000782200000,0x0000000782d79c98,0x0000000782d80000)
  to   space 13824K, 0% used [0x0000000787300000,0x0000000787300000,0x0000000788080000)
 ParOldGen       total 202752K, used 20935K [0x00000006c1c00000, 0x00000006ce200000, 0x000000076b400000)
  object space 202752K, 10% used [0x00000006c1c00000,0x00000006c3071cf0,0x00000006ce200000)
 Metaspace       used 49809K, capacity 70704K, committed 70832K, reserved 1099776K
  class space    used 12754K, capacity 19530K, committed 19632K, reserved 1048576K
}

